<?xml version="1.0" encoding="UTF-8"?>
<!-- Generated by org.testng.reporters.JUnitXMLReporter -->
<testsuite hostname="DESKTOP-E9QP468" ignored="1" name="Test" tests="2" failures="1" timestamp="11 Dec 2018 17:23:36 GMT" time="21.502" errors="0">
  <testcase name="testLoginToApplication" time="12.393" classname="testcases.LoginTest"/>
  <testcase name="FlightBook" time="0.005" classname="testcases.FlightBookingTest">
    <failure type="java.lang.NullPointerException">
      <![CDATA[java.lang.NullPointerException
at org.openqa.selenium.support.pagefactory.DefaultElementLocator.findElement(DefaultElementLocator.java:69)
at org.openqa.selenium.support.pagefactory.internal.LocatingElementHandler.invoke(LocatingElementHandler.java:38)
at com.sun.proxy.$Proxy8.isDisplayed(Unknown Source)
at PageObjects.FlightBooking.RoundWaySelection(FlightBooking.java:31)
at testcases.FlightBookingTest.FlightBook(FlightBookingTest.java:24)
... Removed 25 stack frames]]>
    </failure>
  </testcase> <!-- FlightBook -->
  <testcase name="@BeforeTest launchBrowser" time="0.0" classname="testBase.testBase">
    <ignored/>
  </testcase> <!-- @BeforeTest launchBrowser -->
</testsuite> <!-- Test -->
