<?xml version="1.0" encoding="UTF-8"?>
<testng-results skipped="0" failed="0" ignored="0" total="1" passed="1">
  <reporter-output>
  </reporter-output>
  <suite name="Suite" duration-ms="11787" started-at="2019-01-28T23:28:33Z" finished-at="2019-01-28T23:28:45Z">
    <groups>
    </groups>
    <test name="Test" duration-ms="11787" started-at="2019-01-28T23:28:33Z" finished-at="2019-01-28T23:28:45Z">
      <class name="BrowserUtils.BrowserApp">
        <test-method status="PASS" signature="LaunchBr()[pri:0, instance:BrowserUtils.BrowserApp@523884b2]" name="LaunchBr" duration-ms="11683" started-at="2019-01-28T23:28:33Z" finished-at="2019-01-28T23:28:45Z">
          <reporter-output>
          </reporter-output>
        </test-method> <!-- LaunchBr -->
      </class> <!-- BrowserUtils.BrowserApp -->
    </test> <!-- Test -->
  </suite> <!-- Suite -->
</testng-results>
